<?xml version="1.0" encoding="UTF-8"?>
<testng-results ignored="0" total="2" passed="2" failed="0" skipped="0">
  <reporter-output>
  </reporter-output>
  <suite started-at="2025-09-09T11:40:53 IST" name="Default suite" finished-at="2025-09-09T11:41:14 IST" duration-ms="20504">
    <groups>
    </groups>
    <test started-at="2025-09-09T11:40:53 IST" name="Default test" finished-at="2025-09-09T11:41:14 IST" duration-ms="20504">
      <class name="testngExample.MainWithCsvReport">
        <test-method is-config="true" signature="setupClass()[pri:0, instance:testngExample.MainWithCsvReport@6302bbb1]" started-at="2025-09-09T11:40:53 IST" name="setupClass" finished-at="2025-09-09T11:41:07 IST" duration-ms="13396" status="PASS">
          <reporter-output>
          </reporter-output>
        </test-method> <!-- setupClass -->
        <test-method is-config="true" signature="setupTest()[pri:0, instance:testngExample.MainWithCsvReport@6302bbb1]" started-at="2025-09-09T11:41:07 IST" name="setupTest" finished-at="2025-09-09T11:41:11 IST" duration-ms="3870" status="PASS">
          <reporter-output>
          </reporter-output>
        </test-method> <!-- setupTest -->
        <test-method signature="testPageTitle()[pri:0, instance:testngExample.MainWithCsvReport@6302bbb1]" started-at="2025-09-09T11:41:11 IST" name="testPageTitle" finished-at="2025-09-09T11:41:11 IST" duration-ms="50" status="PASS">
          <reporter-output>
          </reporter-output>
        </test-method> <!-- testPageTitle -->
        <test-method is-config="true" signature="tearDownTest()[pri:0, instance:testngExample.MainWithCsvReport@6302bbb1]" started-at="2025-09-09T11:41:11 IST" name="tearDownTest" finished-at="2025-09-09T11:41:11 IST" duration-ms="132" status="PASS">
          <reporter-output>
          </reporter-output>
        </test-method> <!-- tearDownTest -->
        <test-method is-config="true" signature="setupTest()[pri:0, instance:testngExample.MainWithCsvReport@6302bbb1]" started-at="2025-09-09T11:41:11 IST" name="setupTest" finished-at="2025-09-09T11:41:13 IST" duration-ms="2581" status="PASS">
          <reporter-output>
          </reporter-output>
        </test-method> <!-- setupTest -->
        <test-method signature="testRoleBasedLocator()[pri:0, instance:testngExample.MainWithCsvReport@6302bbb1]" started-at="2025-09-09T11:41:13 IST" name="testRoleBasedLocator" finished-at="2025-09-09T11:41:13 IST" duration-ms="5" status="PASS">
          <reporter-output>
          </reporter-output>
        </test-method> <!-- testRoleBasedLocator -->
        <test-method is-config="true" signature="tearDownTest()[pri:0, instance:testngExample.MainWithCsvReport@6302bbb1]" started-at="2025-09-09T11:41:13 IST" name="tearDownTest" finished-at="2025-09-09T11:41:14 IST" duration-ms="77" status="PASS">
          <reporter-output>
          </reporter-output>
        </test-method> <!-- tearDownTest -->
        <test-method is-config="true" signature="tearDownClass()[pri:0, instance:testngExample.MainWithCsvReport@6302bbb1]" started-at="2025-09-09T11:41:14 IST" name="tearDownClass" finished-at="2025-09-09T11:41:14 IST" duration-ms="305" status="PASS">
          <reporter-output>
          </reporter-output>
        </test-method> <!-- tearDownClass -->
      </class> <!-- testngExample.MainWithCsvReport -->
    </test> <!-- Default test -->
  </suite> <!-- Default suite -->
</testng-results>
