<?xml version="1.0" encoding="UTF-8"?>
<!-- Generated by org.testng.reporters.JUnitReportReporter -->
<testsuite hostname="DESKTOP-50A2D6B" failures="0" tests="2" name="testngExample.MainWithCsvReport" time="6.715" errors="0" timestamp="2025-09-09T11:41:14 IST" skipped="0">
  <testcase classname="testngExample.MainWithCsvReport" name="testPageTitle" time="2.763"/>
  <testcase classname="testngExample.MainWithCsvReport" name="testRoleBasedLocator" time="3.952"/>
</testsuite> <!-- testngExample.MainWithCsvReport -->
